<?xml version="1.0" encoding="UTF-8"?>
<!-- Generated by org.testng.reporters.JUnitXMLReporter -->
<testsuite ignored="0" hostname="DESKTOP-C9L0CMF" failures="0" tests="0" time="0.809" errors="0" timestamp="2021-09-02T16:17:05 IST">
  <testcase classname="com.qa.extentreport.Amazon_ExtentReport" name="@AfterTest EndReport" time="0.001">
    <failure type="java.lang.NullPointerException" message="Cannot invoke &amp;quot;org.openqa.selenium.WebDriver.quit()&amp;quot; because &amp;quot;this.driver&amp;quot; is null">
      <![CDATA[java.lang.NullPointerException: Cannot invoke "org.openqa.selenium.WebDriver.quit()" because "this.driver" is null
at com.qa.extentreport.Amazon_ExtentReport.EndReport(Amazon_ExtentReport.java:49)
... Removed 24 stack frames]]>
    </failure>
  </testcase> <!-- @AfterTest EndReport -->
</testsuite>
